New log file opened at Sun Jul 12 17:38:22 PDT 2015 by 7189@Ryans-MacBook-Pro.local
Taking next connection to: 52879
New client attempting to connect on port: 52880-52879
  Address = /192.168.1.107:52879
This client on port 52880 has uuid 464236d3-7263-4358-ae2c-aec13f504d52 configName activator humanReadableName Activator protocolVersion 3 featureTags Vector()
Connected Clients: activator-464236d3-7263-4358-ae2c-aec13f504d52
Taking next connection to: 52879
New client attempting to connect on port: 52881-52879
  Address = /192.168.1.107:52879
Handshake exception on socket: 52881
sbt.impl.ipc.HandshakeException: Unable to perform handshake
	at sbt.impl.ipc.Peer.handshake(IPC.scala:46)
	at sbt.impl.ipc.MultiClientServer.<init>(IPC.scala:150)
	at sbt.server.SbtServerSocketHandler$$anon$1.run(SbtServerSocketHandler.scala:43)
Caused by: java.net.SocketException: Connection reset
	at java.net.SocketInputStream.read(SocketInputStream.java:189)
	at java.net.SocketInputStream.read(SocketInputStream.java:121)
	at java.io.BufferedInputStream.fill(BufferedInputStream.java:246)
	at java.io.BufferedInputStream.read(BufferedInputStream.java:265)
	at java.io.DataInputStream.readInt(DataInputStream.java:387)
	at sbt.impl.ipc.Peer.receive(IPC.scala:95)
	at sbt.impl.ipc.Peer.handshake(IPC.scala:49)
	... 2 more
Taking next connection to: 52879
New client attempting to connect on port: 52882-52879
  Address = /192.168.1.107:52879
This client on port 52882 has uuid e10f1e2f-c241-4e4c-ada0-0c294c7fda55 configName activator humanReadableName Activator protocolVersion 3 featureTags Vector()
Connected Clients: activator-464236d3-7263-4358-ae2c-aec13f504d52, activator-e10f1e2f-c241-4e4c-ada0-0c294c7fda55
Taking next connection to: 52879
New client attempting to connect on port: 52883-52879
  Address = /192.168.1.107:52879
Handshake exception on socket: 52883
sbt.impl.ipc.HandshakeException: Unable to perform handshake
	at sbt.impl.ipc.Peer.handshake(IPC.scala:46)
	at sbt.impl.ipc.MultiClientServer.<init>(IPC.scala:150)
	at sbt.server.SbtServerSocketHandler$$anon$1.run(SbtServerSocketHandler.scala:43)
Caused by: java.io.EOFException
	at java.io.DataInputStream.readInt(DataInputStream.java:392)
	at sbt.impl.ipc.Peer.receive(IPC.scala:95)
	at sbt.impl.ipc.Peer.handshake(IPC.scala:49)
	... 2 more
Taking next connection to: 52879
New client attempting to connect on port: 52884-52879
  Address = /192.168.1.107:52879
This client on port 52884 has uuid ca8441c6-7c1c-4230-8efb-fe3a8c6e6055 configName activator humanReadableName Activator protocolVersion 3 featureTags Vector()
Connected Clients: activator-464236d3-7263-4358-ae2c-aec13f504d52, activator-e10f1e2f-c241-4e4c-ada0-0c294c7fda55, activator-ca8441c6-7c1c-4230-8efb-fe3a8c6e6055
Taking next connection to: 52879
New client attempting to connect on port: 52885-52879
  Address = /192.168.1.107:52879
Handshake exception on socket: 52885
sbt.impl.ipc.HandshakeException: Unable to perform handshake
	at sbt.impl.ipc.Peer.handshake(IPC.scala:46)
	at sbt.impl.ipc.MultiClientServer.<init>(IPC.scala:150)
	at sbt.server.SbtServerSocketHandler$$anon$1.run(SbtServerSocketHandler.scala:43)
Caused by: java.io.EOFException
	at java.io.DataInputStream.readInt(DataInputStream.java:392)
	at sbt.impl.ipc.Peer.receive(IPC.scala:95)
	at sbt.impl.ipc.Peer.handshake(IPC.scala:49)
	... 2 more
Taking next connection to: 52879
New client attempting to connect on port: 52886-52879
  Address = /192.168.1.107:52879
This client on port 52886 has uuid eb40499e-969a-4afc-8aa5-538dc7ff2f02 configName activator humanReadableName Activator protocolVersion 3 featureTags Vector()
Connected Clients: activator-464236d3-7263-4358-ae2c-aec13f504d52, activator-e10f1e2f-c241-4e4c-ada0-0c294c7fda55, activator-ca8441c6-7c1c-4230-8efb-fe3a8c6e6055, activator-eb40499e-969a-4afc-8aa5-538dc7ff2f02
Taking next connection to: 52879
Checking to see if clients are empty...
We have 1 non-daemon clients, continuing serving connections.
Taking next connection to: 52879
Checking to see if clients are empty...
We have 1 non-daemon clients, continuing serving connections.
Taking next connection to: 52879
Checking to see if clients are empty...
We have 1 non-daemon clients, continuing serving connections.
Taking next connection to: 52879
Checking to see if clients are empty...
We have 1 non-daemon clients, continuing serving connections.
Taking next connection to: 52879
Checking to see if clients are empty...
We have 1 non-daemon clients, continuing serving connections.
Taking next connection to: 52879
Checking to see if clients are empty...
We have 1 non-daemon clients, continuing serving connections.
Taking next connection to: 52879
Checking to see if clients are empty...
We have 1 non-daemon clients, continuing serving connections.
Taking next connection to: 52879
Checking to see if clients are empty...
We have 1 non-daemon clients, continuing serving connections.
Taking next connection to: 52879
Checking to see if clients are empty...
We have 1 non-daemon clients, continuing serving connections.
Taking next connection to: 52879
Checking to see if clients are empty...
We have 1 non-daemon clients, continuing serving connections.
Taking next connection to: 52879
Checking to see if clients are empty...
We have 1 non-daemon clients, continuing serving connections.
Taking next connection to: 52879
Checking to see if clients are empty...
We have 1 non-daemon clients, continuing serving connections.
Taking next connection to: 52879
Checking to see if clients are empty...
We have 1 non-daemon clients, continuing serving connections.
Taking next connection to: 52879
Checking to see if clients are empty...
We have 1 non-daemon clients, continuing serving connections.
Taking next connection to: 52879
Checking to see if clients are empty...
We have 1 non-daemon clients, continuing serving connections.
Taking next connection to: 52879
Checking to see if clients are empty...
We have 1 non-daemon clients, continuing serving connections.
Taking next connection to: 52879
Checking to see if clients are empty...
We have 1 non-daemon clients, continuing serving connections.
Taking next connection to: 52879
Checking to see if clients are empty...
We have 1 non-daemon clients, continuing serving connections.
Taking next connection to: 52879
Checking to see if clients are empty...
We have 1 non-daemon clients, continuing serving connections.
Taking next connection to: 52879
Checking to see if clients are empty...
We have 1 non-daemon clients, continuing serving connections.
Taking next connection to: 52879
Checking to see if clients are empty...
We have 1 non-daemon clients, continuing serving connections.
Taking next connection to: 52879
Checking to see if clients are empty...
We have 1 non-daemon clients, continuing serving connections.
Taking next connection to: 52879
Checking to see if clients are empty...
We have 1 non-daemon clients, continuing serving connections.
Taking next connection to: 52879
Checking to see if clients are empty...
We have 1 non-daemon clients, continuing serving connections.
Taking next connection to: 52879
Checking to see if clients are empty...
We have 1 non-daemon clients, continuing serving connections.
Taking next connection to: 52879
Checking to see if clients are empty...
We have 1 non-daemon clients, continuing serving connections.
Taking next connection to: 52879
